
**** Build of configuration Debug for project TpDatos ****

make all 
make: No se hace nada para «all».

**** Build Finished ****

**** Build of configuration Debug for project TpDatos ****

make all 
Building file: ../src/Parser.cpp
Invoking: GCC C++ Compiler
g++ -O0 -g3 -Wall -c -fmessage-length=0 -MMD -MP -MF"src/Parser.d" -MT"src/Parser.d" -o "src/Parser.o" "../src/Parser.cpp"
In file included from /usr/include/c++/4.6/algorithm:63:0,
                 from ../src/Parser.h:16,
                 from ../src/Parser.cpp:8:
/usr/include/c++/4.6/bits/stl_algo.h: En la función ‘void std::sort(_RAIter, _RAIter, _Compare) [with _RAIter = std::_List_iterator<TerminoRegister>, _Compare = bool (*)(TerminoRegister, TerminoRegister)]’:
../src/Parser.cpp:102:59:   instanciado desde aquí
/usr/include/c++/4.6/bits/stl_algo.h:5445:4: error: no hay coincidencia para ‘operator-’ en ‘__last - __first’
/usr/include/c++/4.6/bits/stl_algo.h:5445:4: nota: los candidatos son:
/usr/include/c++/4.6/bits/stl_iterator.h:321:5: nota: template<class _Iterator> typename std::reverse_iterator::difference_type std::operator-(const std::reverse_iterator<_Iterator>&, const std::reverse_iterator<_Iterator>&)
/usr/include/c++/4.6/bits/stl_iterator.h:378:5: nota: template<class _IteratorL, class _IteratorR> typename std::reverse_iterator<_IteratorL>::difference_type std::operator-(const std::reverse_iterator<_IteratorL>&, const std::reverse_iterator<_IteratorR>&)
/usr/include/c++/4.6/bits/stl_algo.h: En la función ‘void std::__final_insertion_sort(_RandomAccessIterator, _RandomAccessIterator, _Compare) [with _RandomAccessIterator = std::_List_iterator<TerminoRegister>, _Compare = bool (*)(TerminoRegister, TerminoRegister)]’:
/usr/include/c++/4.6/bits/stl_algo.h:5447:4:   instanciado desde ‘void std::sort(_RAIter, _RAIter, _Compare) [with _RAIter = std::_List_iterator<TerminoRegister>, _Compare = bool (*)(TerminoRegister, TerminoRegister)]’
../src/Parser.cpp:102:59:   instanciado desde aquí
/usr/include/c++/4.6/bits/stl_algo.h:2194:7: error: no hay coincidencia para ‘operator-’ en ‘__last - __first’
/usr/include/c++/4.6/bits/stl_algo.h:2194:7: nota: los candidatos son:
/usr/include/c++/4.6/bits/stl_iterator.h:321:5: nota: template<class _Iterator> typename std::reverse_iterator::difference_type std::operator-(const std::reverse_iterator<_Iterator>&, const std::reverse_iterator<_Iterator>&)
/usr/include/c++/4.6/bits/stl_iterator.h:378:5: nota: template<class _IteratorL, class _IteratorR> typename std::reverse_iterator<_IteratorL>::difference_type std::operator-(const std::reverse_iterator<_IteratorL>&, const std::reverse_iterator<_IteratorR>&)
/usr/include/c++/4.6/bits/stl_algo.h:2196:4: error: no hay coincidencia para ‘operator+’ en ‘__first + 16’
/usr/include/c++/4.6/bits/stl_algo.h:2196:4: nota: los candidatos son:
/usr/include/c++/4.6/bits/stl_iterator.h:327:5: nota: template<class _Iterator> std::reverse_iterator<_Iterator> std::operator+(typename std::reverse_iterator<_Iterator>::difference_type, const std::reverse_iterator<_Iterator>&)
/usr/include/c++/4.6/bits/basic_string.h:2306:5: nota: template<class _CharT, class _Traits, class _Alloc> std::basic_string<_CharT, _Traits, _Alloc> std::operator+(const std::basic_string<_CharT, _Traits, _Alloc>&, const std::basic_string<_CharT, _Traits, _Alloc>&)
/usr/include/c++/4.6/bits/basic_string.tcc:694:5: nota: template<class _CharT, class _Traits, class _Alloc> std::basic_string<_CharT, _Traits, _Alloc> std::operator+(const _CharT*, const std::basic_string<_CharT, _Traits, _Alloc>&)
/usr/include/c++/4.6/bits/basic_string.tcc:710:5: nota: template<class _CharT, class _Traits, class _Alloc> std::basic_string<_CharT, _Traits, _Alloc> std::operator+(_CharT, const std::basic_string<_CharT, _Traits, _Alloc>&)
/usr/include/c++/4.6/bits/basic_string.h:2343:5: nota: template<class _CharT, class _Traits, class _Alloc> std::basic_string<_CharT, _Traits, _Alloc> std::operator+(const std::basic_string<_CharT, _Traits, _Alloc>&, const _CharT*)
/usr/include/c++/4.6/bits/basic_string.h:2359:5: nota: template<class _CharT, class _Traits, class _Alloc> std::basic_string<_CharT, _Traits, _Alloc> std::operator+(const std::basic_string<_CharT, _Traits, _Alloc>&, _CharT)
/usr/include/c++/4.6/bits/stl_algo.h:2197:4: error: no hay coincidencia para ‘operator+’ en ‘__first + 16’
/usr/include/c++/4.6/bits/stl_algo.h:2197:4: nota: los candidatos son:
/usr/include/c++/4.6/bits/stl_iterator.h:327:5: nota: template<class _Iterator> std::reverse_iterator<_Iterator> std::operator+(typename std::reverse_iterator<_Iterator>::difference_type, const std::reverse_iterator<_Iterator>&)
/usr/include/c++/4.6/bits/basic_string.h:2306:5: nota: template<class _CharT, class _Traits, class _Alloc> std::basic_string<_CharT, _Traits, _Alloc> std::operator+(const std::basic_string<_CharT, _Traits, _Alloc>&, const std::basic_string<_CharT, _Traits, _Alloc>&)
/usr/include/c++/4.6/bits/basic_string.tcc:694:5: nota: template<class _CharT, class _Traits, class _Alloc> std::basic_string<_CharT, _Traits, _Alloc> std::operator+(const _CharT*, const std::basic_string<_CharT, _Traits, _Alloc>&)
/usr/include/c++/4.6/bits/basic_string.tcc:710:5: nota: template<class _CharT, class _Traits, class _Alloc> std::basic_string<_CharT, _Traits, _Alloc> std::operator+(_CharT, const std::basic_string<_CharT, _Traits, _Alloc>&)
/usr/include/c++/4.6/bits/basic_string.h:2343:5: nota: template<class _CharT, class _Traits, class _Alloc> std::basic_string<_CharT, _Traits, _Alloc> std::operator+(const std::basic_string<_CharT, _Traits, _Alloc>&, const _CharT*)
/usr/include/c++/4.6/bits/basic_string.h:2359:5: nota: template<class _CharT, class _Traits, class _Alloc> std::basic_string<_CharT, _Traits, _Alloc> std::operator+(const std::basic_string<_CharT, _Traits, _Alloc>&, _CharT)
/usr/include/c++/4.6/bits/stl_algo.h: En la función ‘void std::__insertion_sort(_RandomAccessIterator, _RandomAccessIterator, _Compare) [with _RandomAccessIterator = std::_List_iterator<TerminoRegister>, _Compare = bool (*)(TerminoRegister, TerminoRegister)]’:
/usr/include/c++/4.6/bits/stl_algo.h:2201:2:   instanciado desde ‘void std::__final_insertion_sort(_RandomAccessIterator, _RandomAccessIterator, _Compare) [with _RandomAccessIterator = std::_List_iterator<TerminoRegister>, _Compare = bool (*)(TerminoRegister, TerminoRegister)]’
/usr/include/c++/4.6/bits/stl_algo.h:5447:4:   instanciado desde ‘void std::sort(_RAIter, _RAIter, _Compare) [with _RAIter = std::_List_iterator<TerminoRegister>, _Compare = bool (*)(TerminoRegister, TerminoRegister)]’
../src/Parser.cpp:102:59:   instanciado desde aquí
/usr/include/c++/4.6/bits/stl_algo.h:2127:50: error: no hay coincidencia para ‘operator+’ en ‘__first + 1’
/usr/include/c++/4.6/bits/stl_algo.h:2127:50: nota: los candidatos son:
/usr/include/c++/4.6/bits/stl_iterator.h:327:5: nota: template<class _Iterator> std::reverse_iterator<_Iterator> std::operator+(typename std::reverse_iterator<_Iterator>::difference_type, const std::reverse_iterator<_Iterator>&)
/usr/include/c++/4.6/bits/basic_string.h:2306:5: nota: template<class _CharT, class _Traits, class _Alloc> std::basic_string<_CharT, _Traits, _Alloc> std::operator+(const std::basic_string<_CharT, _Traits, _Alloc>&, const std::basic_string<_CharT, _Traits, _Alloc>&)
/usr/include/c++/4.6/bits/basic_string.tcc:694:5: nota: template<class _CharT, class _Traits, class _Alloc> std::basic_string<_CharT, _Traits, _Alloc> std::operator+(const _CharT*, const std::basic_string<_CharT, _Traits, _Alloc>&)
/usr/include/c++/4.6/bits/basic_string.tcc:710:5: nota: template<class _CharT, class _Traits, class _Alloc> std::basic_string<_CharT, _Traits, _Alloc> std::operator+(_CharT, const std::basic_string<_CharT, _Traits, _Alloc>&)
/usr/include/c++/4.6/bits/basic_string.h:2343:5: nota: template<class _CharT, class _Traits, class _Alloc> std::basic_string<_CharT, _Traits, _Alloc> std::operator+(const std::basic_string<_CharT, _Traits, _Alloc>&, const _CharT*)
/usr/include/c++/4.6/bits/basic_string.h:2359:5: nota: template<class _CharT, class _Traits, class _Alloc> std::basic_string<_CharT, _Traits, _Alloc> std::operator+(const std::basic_string<_CharT, _Traits, _Alloc>&, _CharT)
/usr/include/c++/4.6/bits/stl_algo.h:2201:2:   instanciado desde ‘void std::__final_insertion_sort(_RandomAccessIterator, _RandomAccessIterator, _Compare) [with _RandomAccessIterator = std::_List_iterator<TerminoRegister>, _Compare = bool (*)(TerminoRegister, TerminoRegister)]’
/usr/include/c++/4.6/bits/stl_algo.h:5447:4:   instanciado desde ‘void std::sort(_RAIter, _RAIter, _Compare) [with _RAIter = std::_List_iterator<TerminoRegister>, _Compare = bool (*)(TerminoRegister, TerminoRegister)]’
../src/Parser.cpp:102:59:   instanciado desde aquí
/usr/include/c++/4.6/bits/stl_algo.h:2133:8: error: no hay coincidencia para ‘operator+’ en ‘__i + 1’
/usr/include/c++/4.6/bits/stl_algo.h:2133:8: nota: los candidatos son:
/usr/include/c++/4.6/bits/stl_iterator.h:327:5: nota: template<class _Iterator> std::reverse_iterator<_Iterator> std::operator+(typename std::reverse_iterator<_Iterator>::difference_type, const std::reverse_iterator<_Iterator>&)
/usr/include/c++/4.6/bits/basic_string.h:2306:5: nota: template<class _CharT, class _Traits, class _Alloc> std::basic_string<_CharT, _Traits, _Alloc> std::operator+(const std::basic_string<_CharT, _Traits, _Alloc>&, const std::basic_string<_CharT, _Traits, _Alloc>&)
/usr/include/c++/4.6/bits/basic_string.tcc:694:5: nota: template<class _CharT, class _Traits, class _Alloc> std::basic_string<_CharT, _Traits, _Alloc> std::operator+(const _CharT*, const std::basic_string<_CharT, _Traits, _Alloc>&)
/usr/include/c++/4.6/bits/basic_string.tcc:710:5: nota: template<class _CharT, class _Traits, class _Alloc> std::basic_string<_CharT, _Traits, _Alloc> std::operator+(_CharT, const std::basic_string<_CharT, _Traits, _Alloc>&)
/usr/include/c++/4.6/bits/basic_string.h:2343:5: nota: template<class _CharT, class _Traits, class _Alloc> std::basic_string<_CharT, _Traits, _Alloc> std::operator+(const std::basic_string<_CharT, _Traits, _Alloc>&, const _CharT*)
/usr/include/c++/4.6/bits/basic_string.h:2359:5: nota: template<class _CharT, class _Traits, class _Alloc> std::basic_string<_CharT, _Traits, _Alloc> std::operator+(const std::basic_string<_CharT, _Traits, _Alloc>&, _CharT)
make: *** [src/Parser.o] Error 1

**** Build Finished ****

**** Build of configuration Debug for project TpDatos ****

make all 
Building file: ../src/Parser.cpp
Invoking: GCC C++ Compiler
g++ -O0 -g3 -Wall -c -fmessage-length=0 -MMD -MP -MF"src/Parser.d" -MT"src/Parser.d" -o "src/Parser.o" "../src/Parser.cpp"
Finished building: ../src/Parser.cpp
 
Building file: ../src/TerminoRegister.cpp
Invoking: GCC C++ Compiler
g++ -O0 -g3 -Wall -c -fmessage-length=0 -MMD -MP -MF"src/TerminoRegister.d" -MT"src/TerminoRegister.d" -o "src/TerminoRegister.o" "../src/TerminoRegister.cpp"
Finished building: ../src/TerminoRegister.cpp
 
Building file: ../src/TpDatos.cpp
Invoking: GCC C++ Compiler
g++ -O0 -g3 -Wall -c -fmessage-length=0 -MMD -MP -MF"src/TpDatos.d" -MT"src/TpDatos.d" -o "src/TpDatos.o" "../src/TpDatos.cpp"
../src/TpDatos.cpp: En la función ‘int main(int, char**)’:
../src/TpDatos.cpp:31:9: aviso: se define la variable ‘r’ pero no se usa [-Wunused-but-set-variable]
../src/TpDatos.cpp:32:9: aviso: se define la variable ‘q’ pero no se usa [-Wunused-but-set-variable]
Finished building: ../src/TpDatos.cpp
 
Building target: TpDatos
Invoking: GCC C++ Linker
g++  -o "TpDatos"  ./src/Parser.o ./src/TerminoRegister.o ./src/TpDatos.o   
Finished building target: TpDatos
 

**** Build Finished ****

**** Build of configuration Debug for project TpDatos ****

make all 
Building file: ../src/Parser.cpp
Invoking: GCC C++ Compiler
g++ -O0 -g3 -Wall -c -fmessage-length=0 -MMD -MP -MF"src/Parser.d" -MT"src/Parser.d" -o "src/Parser.o" "../src/Parser.cpp"
Finished building: ../src/Parser.cpp
 
Building target: TpDatos
Invoking: GCC C++ Linker
g++  -o "TpDatos"  ./src/Parser.o ./src/TerminoRegister.o ./src/TpDatos.o   
Finished building target: TpDatos
 

**** Build Finished ****

**** Build of configuration Debug for project TpDatos ****

make all 
Building file: ../src/Parser.cpp
Invoking: GCC C++ Compiler
g++ -O0 -g3 -Wall -c -fmessage-length=0 -MMD -MP -MF"src/Parser.d" -MT"src/Parser.d" -o "src/Parser.o" "../src/Parser.cpp"
Finished building: ../src/Parser.cpp
 
Building target: TpDatos
Invoking: GCC C++ Linker
g++  -o "TpDatos"  ./src/Parser.o ./src/TerminoRegister.o ./src/TpDatos.o   
Finished building target: TpDatos
 

**** Build Finished ****

**** Build of configuration Debug for project TpDatos ****

make all 
make: No se hace nada para «all».

**** Build Finished ****

**** Build of configuration Debug for project TpDatos ****

make all 
Building file: ../src/Parser.cpp
Invoking: GCC C++ Compiler
g++ -O0 -g3 -Wall -c -fmessage-length=0 -MMD -MP -MF"src/Parser.d" -MT"src/Parser.d" -o "src/Parser.o" "../src/Parser.cpp"
Finished building: ../src/Parser.cpp
 
Building target: TpDatos
Invoking: GCC C++ Linker
g++  -o "TpDatos"  ./src/Parser.o ./src/TerminoRegister.o ./src/TpDatos.o   
Finished building target: TpDatos
 

**** Build Finished ****

**** Build of configuration Debug for project TpDatos ****

make all 
Building file: ../src/Parser.cpp
Invoking: GCC C++ Compiler
g++ -O0 -g3 -Wall -c -fmessage-length=0 -MMD -MP -MF"src/Parser.d" -MT"src/Parser.d" -o "src/Parser.o" "../src/Parser.cpp"
Finished building: ../src/Parser.cpp
 
Building target: TpDatos
Invoking: GCC C++ Linker
g++  -o "TpDatos"  ./src/Parser.o ./src/TerminoRegister.o ./src/TpDatos.o   
Finished building target: TpDatos
 

**** Build Finished ****

**** Build of configuration Debug for project TpDatos ****

make all 
Building file: ../src/Parser.cpp
Invoking: GCC C++ Compiler
g++ -O0 -g3 -Wall -c -fmessage-length=0 -MMD -MP -MF"src/Parser.d" -MT"src/Parser.d" -o "src/Parser.o" "../src/Parser.cpp"
Finished building: ../src/Parser.cpp
 
Building target: TpDatos
Invoking: GCC C++ Linker
g++  -o "TpDatos"  ./src/Parser.o ./src/TerminoRegister.o ./src/TpDatos.o   
Finished building target: TpDatos
 

**** Build Finished ****

**** Build of configuration Debug for project TpDatos ****

make all 
Building file: ../src/Parser.cpp
Invoking: GCC C++ Compiler
g++ -O0 -g3 -Wall -c -fmessage-length=0 -MMD -MP -MF"src/Parser.d" -MT"src/Parser.d" -o "src/Parser.o" "../src/Parser.cpp"
Finished building: ../src/Parser.cpp
 
Building target: TpDatos
Invoking: GCC C++ Linker
g++  -o "TpDatos"  ./src/Parser.o ./src/TerminoRegister.o ./src/TpDatos.o   
Finished building target: TpDatos
 

**** Build Finished ****

**** Build of configuration Debug for project TpDatos ****

make all 
Building file: ../src/Parser.cpp
Invoking: GCC C++ Compiler
g++ -O0 -g3 -Wall -c -fmessage-length=0 -MMD -MP -MF"src/Parser.d" -MT"src/Parser.d" -o "src/Parser.o" "../src/Parser.cpp"
../src/Parser.cpp: En la función ‘void string_a_minusculas(char*)’:
../src/Parser.cpp:25:7: aviso: se define la variable ‘nuevo_string’ pero no se usa [-Wunused-but-set-variable]
Finished building: ../src/Parser.cpp
 
Building target: TpDatos
Invoking: GCC C++ Linker
g++  -o "TpDatos"  ./src/Parser.o ./src/TerminoRegister.o ./src/TpDatos.o   
Finished building target: TpDatos
 

**** Build Finished ****

**** Build of configuration Debug for project TpDatos ****

make all 
make: No se hace nada para «all».

**** Build Finished ****

**** Build of configuration Debug for project TpDatos ****

make all 
Building file: ../src/Parser.cpp
Invoking: GCC C++ Compiler
g++ -O0 -g3 -Wall -c -fmessage-length=0 -MMD -MP -MF"src/Parser.d" -MT"src/Parser.d" -o "src/Parser.o" "../src/Parser.cpp"
../src/Parser.cpp: En la función ‘void string_a_minusculas(char*)’:
../src/Parser.cpp:25:7: aviso: se define la variable ‘nuevo_string’ pero no se usa [-Wunused-but-set-variable]
Finished building: ../src/Parser.cpp
 
Building target: TpDatos
Invoking: GCC C++ Linker
g++  -o "TpDatos"  ./src/Parser.o ./src/TerminoRegister.o ./src/TpDatos.o   
Finished building target: TpDatos
 

**** Build Finished ****

**** Build of configuration Debug for project TpDatos ****

make all 
Building file: ../src/Parser.cpp
Invoking: GCC C++ Compiler
g++ -O0 -g3 -Wall -c -fmessage-length=0 -MMD -MP -MF"src/Parser.d" -MT"src/Parser.d" -o "src/Parser.o" "../src/Parser.cpp"
Finished building: ../src/Parser.cpp
 
Building target: TpDatos
Invoking: GCC C++ Linker
g++  -o "TpDatos"  ./src/Parser.o ./src/TerminoRegister.o ./src/TpDatos.o   
Finished building target: TpDatos
 

**** Build Finished ****

**** Build of configuration Debug for project TpDatos ****

make all 
Building file: ../src/Parser.cpp
Invoking: GCC C++ Compiler
g++ -O0 -g3 -Wall -c -fmessage-length=0 -MMD -MP -MF"src/Parser.d" -MT"src/Parser.d" -o "src/Parser.o" "../src/Parser.cpp"
Finished building: ../src/Parser.cpp
 
Building target: TpDatos
Invoking: GCC C++ Linker
g++  -o "TpDatos"  ./src/Parser.o ./src/TerminoRegister.o ./src/TpDatos.o   
Finished building target: TpDatos
 

**** Build Finished ****

**** Build of configuration Debug for project TpDatos ****

make all 
Building file: ../src/Parser.cpp
Invoking: GCC C++ Compiler
g++ -O0 -g3 -Wall -c -fmessage-length=0 -MMD -MP -MF"src/Parser.d" -MT"src/Parser.d" -o "src/Parser.o" "../src/Parser.cpp"
Finished building: ../src/Parser.cpp
 
Building target: TpDatos
Invoking: GCC C++ Linker
g++  -o "TpDatos"  ./src/Parser.o ./src/TerminoRegister.o ./src/TpDatos.o   
Finished building target: TpDatos
 

**** Build Finished ****

**** Build of configuration Debug for project TpDatos ****

make all 
Building file: ../src/TerminoRegister.cpp
Invoking: GCC C++ Compiler
g++ -O0 -g3 -Wall -c -fmessage-length=0 -MMD -MP -MF"src/TerminoRegister.d" -MT"src/TerminoRegister.d" -o "src/TerminoRegister.o" "../src/TerminoRegister.cpp"
Finished building: ../src/TerminoRegister.cpp
 
Building target: TpDatos
Invoking: GCC C++ Linker
g++  -o "TpDatos"  ./src/Parser.o ./src/TerminoRegister.o ./src/TpDatos.o   
Finished building target: TpDatos
 

**** Build Finished ****

**** Build of configuration Debug for project TpDatos ****

make all 
Building file: ../src/TerminoRegister.cpp
Invoking: GCC C++ Compiler
g++ -O0 -g3 -Wall -c -fmessage-length=0 -MMD -MP -MF"src/TerminoRegister.d" -MT"src/TerminoRegister.d" -o "src/TerminoRegister.o" "../src/TerminoRegister.cpp"
Finished building: ../src/TerminoRegister.cpp
 
Building target: TpDatos
Invoking: GCC C++ Linker
g++  -o "TpDatos"  ./src/Parser.o ./src/TerminoRegister.o ./src/TpDatos.o   
Finished building target: TpDatos
 

**** Build Finished ****
